<?xml version="1.0" encoding="UTF-8"?>
<testng-results ignored="0" total="2" passed="2" failed="0" skipped="0">
  <reporter-output>
  </reporter-output>
  <suite started-at="2023-01-03T20:57:22 IST" name="Suite" finished-at="2023-01-03T20:57:39 IST" duration-ms="17785">
    <groups>
    </groups>
    <test started-at="2023-01-03T20:57:22 IST" name="Test" finished-at="2023-01-03T20:57:39 IST" duration-ms="17785">
      <class name="TestCases.VerifyLoginPage">
        <test-method signature="launchBrowser(java.lang.String,java.lang.String)[pri:0, instance:TestCases.VerifyLoginPage@78b66d36]" started-at="2023-01-03T20:57:22 IST" name="launchBrowser" data-provider="getData" finished-at="2023-01-03T20:57:31 IST" duration-ms="9417" status="PASS">
          <params>
            <param index="0">
              <value>
                <![CDATA[Test123]]>
              </value>
            </param>
            <param index="1">
              <value>
                <![CDATA[Pass123]]>
              </value>
            </param>
          </params>
          <reporter-output>
          </reporter-output>
        </test-method> <!-- launchBrowser -->
        <test-method signature="launchBrowser(java.lang.String,java.lang.String)[pri:0, instance:TestCases.VerifyLoginPage@78b66d36]" started-at="2023-01-03T20:57:31 IST" name="launchBrowser" data-provider="getData" finished-at="2023-01-03T20:57:39 IST" duration-ms="8279" status="PASS">
          <params>
            <param index="0">
              <value>
                <![CDATA[Test456]]>
              </value>
            </param>
            <param index="1">
              <value>
                <![CDATA[Pass123]]>
              </value>
            </param>
          </params>
          <reporter-output>
          </reporter-output>
        </test-method> <!-- launchBrowser -->
      </class> <!-- TestCases.VerifyLoginPage -->
    </test> <!-- Test -->
  </suite> <!-- Suite -->
</testng-results>
